[Message:   BepInEx] BepInEx 5.4.22.0 - Lethal Company (4/19/2024 3:03:22 PM)
[Info   :   BepInEx] Running under Unity v2022.3.9.15351836
[Info   :   BepInEx] CLR runtime version: 4.0.30319.42000
[Info   :   BepInEx] Supports SRE: True
[Info   :   BepInEx] System platform: Bits64, Windows
[Message:   BepInEx] Preloader started
[Info   :   BepInEx] Loaded 1 patcher method from [BepInEx.Preloader 5.4.22.0]
[Info   :   BepInEx] Loaded 1 patcher method from [BepInEx.MonoMod.HookGenPatcher 1.2.1.0]
[Info   :   BepInEx] 2 patcher plugins loaded
[Info   :HookGenPatcher] Previous MMHOOK location found. Using that location to save instead.
[Info   :HookGenPatcher] Already ran for this version, reusing that file.
[Info   :HookGenPatcher] Previous MMHOOK location found. Using that location to save instead.
[Info   :HookGenPatcher] Already ran for this version, reusing that file.
[Info   :HookGenPatcher] Previous MMHOOK location found. Using that location to save instead.
[Info   :HookGenPatcher] Already ran for this version, reusing that file.
[Info   :HookGenPatcher] Previous MMHOOK location found. Using that location to save instead.
[Info   :HookGenPatcher] Already ran for this version, reusing that file.
[Info   :HookGenPatcher] Previous MMHOOK location found. Using that location to save instead.
[Info   :HookGenPatcher] Already ran for this version, reusing that file.
[Info   :HookGenPatcher] Previous MMHOOK location found. Using that location to save instead.
[Info   :HookGenPatcher] Already ran for this version, reusing that file.
[Info   :   BepInEx] Patching [UnityEngine.CoreModule] with [BepInEx.Chainloader]
[Message:   BepInEx] Preloader finished
[Message:   BepInEx] Chainloader ready
[Message:   BepInEx] Chainloader started
[Info   :   BepInEx] 41 plugins to load
[Info   :   BepInEx] Loading [JigglePhysicsPlugin 1.1.2]
[Info   :JigglePhysicsPlugin] JigglePhysicsPlugin loaded!
[Info   :   BepInEx] Loading [Terminal Api 1.5.0]
[Info   :Terminal Api] Plugin TerminalApi is loaded!
[Info   :   BepInEx] Loading [Terminal Clock 1.0.5]
[Info   :Terminal Clock] Plugin Terminal Clock is loaded!
[Info   :   BepInEx] Loading [Quota Rollover 2.3.0]
[Info   :Quota Rollover] Mod Boxofbiscuits97.QuotraRollover is loaded!
[Info   :   BepInEx] Loading [Lethal Company API 3.4.5]
[Warning:Lethal Company API] 
.____    _________           _____  __________ .___  
|    |   \_   ___ \         /  _  \ \______   \|   | 
|    |   /    \  \/        /  /_\  \ |     ___/|   | 
|    |___\     \____      /    |    \|    |    |   | 
|_______ \\______  /______\____|__  /|____|    |___| 
        \/       \//_____/        \/                 
                                                     
[Info   :Lethal Company API] LC_API Starting up..
[Info   :   BepInEx] Loading [Coroner 1.6.2]
[Info   :   Coroner] Injecting patch into Landmine.SpawnExplosion...
[Info   :   Coroner] Done.
[Info   :   Coroner] Plugin Coroner (com.elitemastereric.coroner) is loaded!
[Info   :   Coroner] Coroner loading language support: en
[Info   :   Coroner] Loading language data from config folder: G:\SteamLibrary\steamapps\common\Lethal Company\BepInEx\config/EliteMasterEric-Coroner
[Info   :   Coroner] Coroner loading language support: en
[Info   :   Coroner] Loading language data from config folder: G:\SteamLibrary\steamapps\common\Lethal Company\BepInEx\config/EliteMasterEric-Coroner
[Info   :   Coroner] Checking for LC_API...
[Info   :   Coroner] LCAPI is present! LC_API:3.4.5
[Info   :   BepInEx] Loading [ShipLoot 1.1]
[Info   :   BepInEx] Loading [LethalLib 0.15.1]
[Info   : LethalLib] LethalLib loaded!!
[Info   :   BepInEx] Loading [CSync 4.1.0]
[Info   :     CSync] CSync successfully applied patches.
[Info   :   BepInEx] Loading [Lethal Company Input Utils 0.7.4]
[Info   :Lethal Company Input Utils] Registered InputUtilsExtendedMouse Layout Override!
[Info   :Lethal Company Input Utils] InputUtils 0.7.4 has finished loading!
[Info   :   BepInEx] Loading [More Ship Upgrades 3.5.5]
[Debug  :     CSync] Successfully registered config instance InstanceKey { Guid = com.malco.lethalcompany.moreshipupgrades, AssemblyQualifiedName = MoreShipUpgrades.Misc.PluginConfig, MoreShipUpgrades, Version=0.0.0.0, Culture=neutral, PublicKeyToken=null }.
[Info   :More Ship Upgrades] Items have been setup
[Info   :More Ship Upgrades] Upgrades have been setup
[Info   :More Ship Upgrades] More Ship Upgrades 3.5.5 has been loaded successfully.
[Info   :   BepInEx] Loading [DiscountAlert 2.3.0.0]
[Info   :DiscountAlert] Plugin discount.alert is loaded!
[Info   :   BepInEx] Loading [EmployeeAssignments 1.0.9]
[Info   :   BepInEx] Loading [ReservedItemSlotCore 2.0.20]
[Info   :ReservedItemSlotCore-2.0.20] BindingConfigs
[Info   :ReservedItemSlotCore-2.0.20] ReservedItemSlotCore loaded
[Info   :   BepInEx] Loading [LethalThings 0.10.4]
[Info   :LethalThings] LethalLib version is 0.15.1, which is compatible with LethalThings 0.9.0+
[Info   :LethalThings] [Optional dependency] LethalCompanyInputUtils version is 0.7.4, which is compatible with LethalThings 0.8.0+
[Info   :LethalThings] [Compatibility] ReservedItemSlotCore version is 2.0.20, which is compatible with LethalThings 0.8.0+
[Info   : LethalLib] [LethalLib] LethalThings is registering 28 content items!
[Info   : LethalLib] Registering player ragdoll LTGoopRagdoll
[Info   :LethalThings] LethalThings loaded successfully!!!
[Info   :   BepInEx] Loading [BetterStamina 1.3.2]
[Info   :BetterStamina] BindingConfigs
[Info   :BetterStamina] BetterStamina loaded
[Info   :   BepInEx] Loading [FasterItemDropship 1.2.1]
[Info   :FasterItemDropship] BindingConfigs
[Info   :FasterItemDropship] FasterItemDropship loaded
[Info   :   BepInEx] Loading [LetMeLookDown 1.0.1]
[Info   :LetMeLookDown] LetMeLookDown mod loaded
[Info   :   BepInEx] Loading [ReservedFlashlightSlot 2.0.3]
[Info   :ReservedFlashlightSlot-2.0.3] BindingConfigs
[Info   :ReservedItemSlotCore-2.0.20] Created ReservedItemSlotData for: flashlight. Slot priority: 200
[Info   :ReservedFlashlightSlot-2.0.3] ReservedFlashlightSlot loaded
[Info   :   BepInEx] Loading [ReservedWalkieSlot 2.0.5]
[Info   :ReservedWalkieSlot-2.0.5] BindingConfigs
[Info   :ReservedItemSlotCore-2.0.20] Created ReservedItemSlotData for: walkie_talkie. Slot priority: 150
[Info   :ReservedWalkieSlot-2.0.5] ReservedWalkieSlot loaded
[Info   :   BepInEx] Loading [MoreCompany 1.9.0]
[Info   :MoreCompany] Loading MoreCompany...
[Info   :MoreCompany] Loading SETTINGS...
[Info   :MoreCompany] Checking: G:\SteamLibrary\steamapps\common\Lethal Company\BepInEx\plugins/MoreCompanyCosmetics
[Info   :MoreCompany] Loading COSMETICS...
[Info   :MoreCompany] Loading DEFAULT COSMETICS...
[Info   :MoreCompany] Loaded cosmetic: builtin.3dglasses from bundle
[Info   :MoreCompany] Loaded cosmetic: builtin.bunnyears from bundle
[Info   :MoreCompany] Loaded cosmetic: builtin.denimhat from bundle
[Info   :MoreCompany] Loaded cosmetic: builtin.fancyglasses from bundle
[Info   :MoreCompany] Loaded cosmetic: builtin.partyglasses from bundle
[Info   :MoreCompany] Loaded cosmetic: builtin.gunholster from bundle
[Info   :MoreCompany] Loaded cosmetic: builtin.hardhat from bundle
[Info   :MoreCompany] Loaded cosmetic: builtin.jesterhat from bundle
[Info   :MoreCompany] Loaded cosmetic: builtin.kittyears from bundle
[Info   :MoreCompany] Loaded cosmetic: builtin.mimemask from bundle
[Info   :MoreCompany] Loaded cosmetic: builtin.fancypants from bundle
[Info   :MoreCompany] Loaded cosmetic: builtin.outoforder from bundle
[Info   :MoreCompany] Loaded cosmetic: builtin.partyhat from bundle
[Info   :MoreCompany] Loaded cosmetic: builtin.plaguemask from bundle
[Info   :MoreCompany] Loaded cosmetic: builtin.propellerhat from bundle
[Info   :MoreCompany] Loaded cosmetic: builtin.eyeballs from bundle
[Info   :MoreCompany] Loaded cosmetic: builtin.rudolph from bundle
[Info   :MoreCompany] Loaded cosmetic: builtin.santahat from bundle
[Info   :MoreCompany] Loaded cosmetic: builtin.slimething from bundle
[Info   :MoreCompany] Loaded cosmetic: builtin.tophat from bundle
[Info   :MoreCompany] Loaded cosmetic: builtin.watch from bundle
[Info   :MoreCompany] Loading USER COSMETICS...
[Info   :MoreCompany] Loaded cosmetic: Insomniax.AkuAku from bundle
[Info   :MoreCompany] Loaded cosmetic: Insomniax.BeardL from bundle
[Info   :MoreCompany] Loaded cosmetic: Insomniax.BlockQuestion from bundle
[Info   :MoreCompany] Loaded cosmetic: Insomniax.BMO from bundle
[Info   :MoreCompany] Loaded cosmetic: Insomniax.CheshireCat from bundle
[Info   :MoreCompany] Loaded cosmetic: Insomniax.Chopped from bundle
[Info   :MoreCompany] Loaded cosmetic: Insomniax.ChopperHat from bundle
[Info   :MoreCompany] Loaded cosmetic: Insomniax.Chowder from bundle
[Info   :MoreCompany] Loaded cosmetic: Insomniax.CoolSanta from bundle
[Info   :MoreCompany] Loaded cosmetic: Insomniax.Diglett from bundle
[Info   :MoreCompany] Loaded cosmetic: Insomniax.DoomHelm from bundle
[Info   :MoreCompany] Loaded cosmetic: Insomniax.Eva01 from bundle
[Info   :MoreCompany] Loaded cosmetic: Insomniax.FrogHead from bundle
[Info   :MoreCompany] Loaded cosmetic: Insomniax.GagGlasses from bundle
[Info   :MoreCompany] Loaded cosmetic: Insomniax.GasMask from bundle
[Info   :MoreCompany] Loaded cosmetic: Insomniax.GokuHead from bundle
[Info   :MoreCompany] Loaded cosmetic: Insomniax.HeartGlasses from bundle
[Info   :MoreCompany] Loaded cosmetic: Insomniax.HelloKitty from bundle
[Info   :MoreCompany] Loaded cosmetic: Insomniax.HylianShield from bundle
[Info   :MoreCompany] Loaded cosmetic: Insomniax.KnitHat from bundle
[Info   :MoreCompany] Loaded cosmetic: Insomniax.KrustyHat from bundle
[Info   :MoreCompany] Loaded cosmetic: Insomniax.LegoHead from bundle
[Info   :MoreCompany] Loaded cosmetic: Insomniax.LinkCap from bundle
[Info   :MoreCompany] Loaded cosmetic: Insomniax.LuffyHat from bundle
[Info   :MoreCompany] Loaded cosmetic: Insomniax.Luigi from bundle
[Info   :MoreCompany] Loaded cosmetic: Insomniax.MajorasMask from bundle
[Info   :MoreCompany] Loaded cosmetic: Insomniax.Mario from bundle
[Info   :MoreCompany] Loaded cosmetic: Insomniax.MasterSword from bundle
[Info   :MoreCompany] Loaded cosmetic: Insomniax.MelodyHead from bundle
[Info   :MoreCompany] Loaded cosmetic: Insomniax.Mickey from bundle
[Info   :MoreCompany] Loaded cosmetic: Insomniax.PacmanHead from bundle
[Info   :MoreCompany] Loaded cosmetic: Insomniax.PB&J from bundle
[Info   :MoreCompany] Loaded cosmetic: Insomniax.PepeSadge from bundle
[Info   :MoreCompany] Loaded cosmetic: Insomniax.PilotHat from bundle
[Info   :MoreCompany] Loaded cosmetic: Insomniax.PipBoy from bundle
[Info   :MoreCompany] Loaded cosmetic: Insomniax.Plunger from bundle
[Info   :MoreCompany] Loaded cosmetic: Insomniax.PogoMask from bundle
[Info   :MoreCompany] Loaded cosmetic: Insomniax.PoopHead from bundle
[Info   :MoreCompany] Loaded cosmetic: Insomniax.ReindeerCap from bundle
[Info   :MoreCompany] Loaded cosmetic: Insomniax.SamusHelmet from bundle
[Info   :MoreCompany] Loaded cosmetic: Insomniax.Servbot from bundle
[Info   :MoreCompany] Loaded cosmetic: Insomniax.SnowMan from bundle
[Info   :MoreCompany] Loaded cosmetic: Insomniax.SpongeLicense from bundle
[Info   :MoreCompany] Loaded cosmetic: Insomniax.SquirtGun from bundle
[Info   :MoreCompany] Loaded cosmetic: Insomniax.StitchHead from bundle
[Info   :MoreCompany] Loaded cosmetic: Insomniax.SwimmyRing from bundle
[Info   :MoreCompany] Loaded cosmetic: Insomniax.TonyTiger from bundle
[Info   :MoreCompany] Loaded cosmetic: Insomniax.TrashCan from bundle
[Info   :MoreCompany] Loaded cosmetic: Insomniax.VaultBoy from bundle
[Info   :MoreCompany] Loaded cosmetic: Insomniax.ZeroHelm from bundle
[Info   :MoreCompany] Loaded cosmetic: luigifan1.3dshat from bundle
[Info   :MoreCompany] Loaded cosmetic: NiaNation.AbbyEars from bundle
[Info   :MoreCompany] Loaded cosmetic: NiaNation.AbbyTail from bundle
[Info   :MoreCompany] Loaded cosmetic: NiaNation.Absa from bundle
[Info   :MoreCompany] Loaded cosmetic: NiaNation.AbsaTail from bundle
[Info   :MoreCompany] Loaded cosmetic: NiaNation.AmongUs from bundle
[Info   :MoreCompany] Loaded cosmetic: Ben.ArrowHead from bundle
[Info   :MoreCompany] Loaded cosmetic: sluka.culo from bundle
[Info   :MoreCompany] Loaded cosmetic: Ben.AsterEars from bundle
[Info   :MoreCompany] Loaded cosmetic: Ben.AsterGlasses from bundle
[Info   :MoreCompany] Loaded cosmetic: Ben.AsterNose from bundle
[Info   :MoreCompany] Loaded cosmetic: NiaNation.BalloonBoyMask from bundle
[Info   :MoreCompany] Loaded cosmetic: NiaNation.Bana from bundle
[Info   :MoreCompany] Loaded cosmetic: bandaid.alien from bundle
[Info   :MoreCompany] Loaded cosmetic: bandaid.astronaught from bundle
[Info   :MoreCompany] Loaded cosmetic: bandaid.beerhat from bundle
[Info   :MoreCompany] Loaded cosmetic: bandaid.cactus from bundle
[Info   :MoreCompany] Loaded cosmetic: bandaid.cone from bundle
[Info   :MoreCompany] Loaded cosmetic: bandaid.coneofshame from bundle
[Info   :MoreCompany] Loaded cosmetic: bandaid.cowboy from bundle
[Info   :MoreCompany] Loaded cosmetic: bandaid.diaper from bundle
[Info   :MoreCompany] Loaded cosmetic: bandaid.dino from bundle
[Info   :MoreCompany] Loaded cosmetic: bandaid.flamingo from bundle
[Info   :MoreCompany] Loaded cosmetic: bandaid.flowercrown from bundle
[Info   :MoreCompany] Loaded cosmetic: bandaid.kitsune from bundle
[Info   :MoreCompany] Loaded cosmetic: bandaid.paci from bundle
[Info   :MoreCompany] Loaded cosmetic: bandaid.passion from bundle
[Info   :MoreCompany] Loaded cosmetic: bandaid.pipboy from bundle
[Info   :MoreCompany] Loaded cosmetic: bandaid.sombraro from bundle
[Info   :MoreCompany] Loaded cosmetic: bandaid.spider from bundle
[Info   :MoreCompany] Loaded cosmetic: bandaid.tinfoil from bundle
[Info   :MoreCompany] Loaded cosmetic: bandaid.unicorn from bundle
[Info   :MoreCompany] Loaded cosmetic: bandaid.vrheadset from bundle
[Info   :MoreCompany] Loaded cosmetic: bandaid.windup from bundle
[Info   :MoreCompany] Loaded cosmetic: bandaid.witch from bundle
[Info   :MoreCompany] Loaded cosmetic: bandaid.pot from bundle
[Info   :MoreCompany] Loaded cosmetic: Ben.BatEarsV3 from bundle
[Info   :MoreCompany] Loaded cosmetic: Ben.BlowTorch from bundle
[Info   :MoreCompany] Loaded cosmetic: luigifan1.bluetoadhat from bundle
[Info   :MoreCompany] Loaded cosmetic: NiaNation.BonnieMask from bundle
[Info   :MoreCompany] Loaded cosmetic: luigifan1.bowsershell from bundle
[Info   :MoreCompany] Loaded cosmetic: NiaNation.BreadbugHat from bundle
[Info   :MoreCompany] Loaded cosmetic: Sluka.brella from bundle
[Info   :MoreCompany] Loaded cosmetic: Sluka.broly from bundle
[Info   :MoreCompany] Loaded cosmetic: NiaNation.BucketHelm from bundle
[Info   :MoreCompany] Loaded cosmetic: NiaNation.BulborbHat from bundle
[Info   :MoreCompany] Loaded cosmetic: wackycosmetics.burningflamesteamcaptain from bundle
[Info   :MoreCompany] Loaded cosmetic: NiaNation.CalliHat from bundle
[Info   :MoreCompany] Loaded cosmetic: NiaNation.CalliopeMoriScythe from bundle
[Info   :MoreCompany] Loaded cosmetic: Sluka.cat from bundle
[Info   :MoreCompany] Loaded cosmetic: luigifan1.chibirobohat from bundle
[Info   :MoreCompany] Loaded cosmetic: NiaNation.ChicaMask from bundle
[Info   :MoreCompany] Loaded cosmetic: sluka.jevilcollar from bundle
[Info   :MoreCompany] Loaded cosmetic: NiaNation.CowboyHat from bundle
[Info   :MoreCompany] Loaded cosmetic: luigifan1.darktoadhat from bundle
[Info   :MoreCompany] Loaded cosmetic: Sluka.Dedede from bundle
[Info   :MoreCompany] Loaded cosmetic: Sluka.dimentio from bundle
[Info   :MoreCompany] Loaded cosmetic: sluka.dimentiovest from bundle
[Info   :MoreCompany] Loaded cosmetic: luigifan1.dktie from bundle
[Info   :MoreCompany] Loaded cosmetic: wackycosmetics.dominusempyreus from bundle
[Info   :MoreCompany] Loaded cosmetic: NiaNation.DreamBreaker from bundle
[Info   :MoreCompany] Loaded cosmetic: NiaNation.EmberCrown from bundle
[Info   :MoreCompany] Loaded cosmetic: NiaNation.EmberSlime from bundle
[Info   :MoreCompany] Loaded cosmetic: NiaNation.EmberSword from bundle
[Info   :MoreCompany] Loaded cosmetic: equipmentcompany.antenna from bundle
[Info   :MoreCompany] Loaded cosmetic: equipmentcompany.antennaback from bundle
[Info   :MoreCompany] Loaded cosmetic: equipmentcompany.antenna2back from bundle
[Info   :MoreCompany] Loaded cosmetic: equipmentcompany.antenna3back from bundle
[Info   :MoreCompany] Loaded cosmetic: equipmentcompany.antenna3backfolded from bundle
[Info   :MoreCompany] Loaded cosmetic: equipmentcompany.belthivis from bundle
[Info   :MoreCompany] Loaded cosmetic: equipmentcompany.belthivisorange from bundle
[Info   :MoreCompany] Loaded cosmetic: equipmentcompany.belthivisred from bundle
[Info   :MoreCompany] Loaded cosmetic: equipmentcompany.belthivisyellow from bundle
[Info   :MoreCompany] Loaded cosmetic: equipmentcompany.carabiner from bundle
[Info   :MoreCompany] Loaded cosmetic: equipmentcompany.carabinerorange from bundle
[Info   :MoreCompany] Loaded cosmetic: equipmentcompany.carabineryellow from bundle
[Info   :MoreCompany] Loaded cosmetic: equipmentcompany.carabinertorsot from bundle
[Info   :MoreCompany] Loaded cosmetic: equipmentcompany.carabinertorsoorange from bundle
[Info   :MoreCompany] Loaded cosmetic: equipmentcompany.carabinertorsored from bundle
[Info   :MoreCompany] Loaded cosmetic: equipmentcompany.chemlights from bundle
[Info   :MoreCompany] Loaded cosmetic: equipmentcompany.chemlightsgreen from bundle
[Info   :MoreCompany] Loaded cosmetic: equipmentcompany.chemlightsred from bundle
[Info   :MoreCompany] Loaded cosmetic: equipmentcompany.helmetfilter1 from bundle
[Info   :MoreCompany] Loaded cosmetic: equipmentcompany.helmetfilter1asymm from bundle
[Info   :MoreCompany] Loaded cosmetic: equipmentcompany.helmetfilter1grey from bundle
[Info   :MoreCompany] Loaded cosmetic: equipmentcompany.helmetfilter1greyasymm from bundle
[Info   :MoreCompany] Loaded cosmetic: equipmentcompany.helmetfilter1yellow from bundle
[Info   :MoreCompany] Loaded cosmetic: equipmentcompany.helmetfilter1asymmyellow from bundle
[Info   :MoreCompany] Loaded cosmetic: equipmentcompany.helmetcamera from bundle
[Info   :MoreCompany] Loaded cosmetic: equipmentcompany.legpouchleftblack from bundle
[Info   :MoreCompany] Loaded cosmetic: equipmentcompany.legpouchleftorange from bundle
[Info   :MoreCompany] Loaded cosmetic: equipmentcompany.legpouchleftred from bundle
[Info   :MoreCompany] Loaded cosmetic: equipmentcompany.legpouchleftyellow from bundle
[Info   :MoreCompany] Loaded cosmetic: equipmentcompany.legpouchrightblack from bundle
[Info   :MoreCompany] Loaded cosmetic: equipmentcompany.legpouchrightoorange from bundle
[Info   :MoreCompany] Loaded cosmetic: equipmentcompany.legpouchrightred from bundle
[Info   :MoreCompany] Loaded cosmetic: equipmentcompany.legpouchrightyellow from bundle
[Info   :MoreCompany] Loaded cosmetic: equipmentcompany.lifepreserver from bundle
[Info   :MoreCompany] Loaded cosmetic: equipmentcompany.navigatorwrist from bundle
[Info   :MoreCompany] Loaded cosmetic: equipmentcompany.pouchhipbackblack from bundle
[Info   :MoreCompany] Loaded cosmetic: equipmentcompany.pouchhipbackorange from bundle
[Info   :MoreCompany] Loaded cosmetic: equipmentcompany.pouchhipbackred from bundle
[Info   :MoreCompany] Loaded cosmetic: equipmentcompany.pouchhipback from bundle
[Info   :MoreCompany] Loaded cosmetic: equipmentcompany.pouchtorsofrontblack from bundle
[Info   :MoreCompany] Loaded cosmetic: equipmentcompany.pouchtorsofrontorange from bundle
[Info   :MoreCompany] Loaded cosmetic: equipmentcompany.pouchtorsofrontred from bundle
[Info   :MoreCompany] Loaded cosmetic: equipmentcompany.pouchtorsofront from bundle
[Info   :MoreCompany] Loaded cosmetic: equipmentcompany.reachertoolcylinder from bundle
[Info   :MoreCompany] Loaded cosmetic: equipmentcompany.reachertooldisc from bundle
[Info   :MoreCompany] Loaded cosmetic: equipmentcompany.rope from bundle
[Info   :MoreCompany] Loaded cosmetic: equipmentcompany.ropered from bundle
[Info   :MoreCompany] Loaded cosmetic: equipmentcompany.ropewhite from bundle
[Info   :MoreCompany] Loaded cosmetic: equipmentcompany.scannerpiece from bundle
[Info   :MoreCompany] Loaded cosmetic: equipmentcompany.sidepackblack from bundle
[Info   :MoreCompany] Loaded cosmetic: equipmentcompany.sidepackorange from bundle
[Info   :MoreCompany] Loaded cosmetic: equipmentcompany.sidepackred from bundle
[Info   :MoreCompany] Loaded cosmetic: equipmentcompany.sidepack from bundle
[Info   :MoreCompany] Loaded cosmetic: equipmentcompany.trackerpiece from bundle
[Info   :MoreCompany] Loaded cosmetic: equipmentcompany.transmitter from bundle
[Info   :MoreCompany] Loaded cosmetic: equipmentcompany.facevisordown from bundle
[Info   :MoreCompany] Loaded cosmetic: equipmentcompany.facevisorup from bundle
[Info   :MoreCompany] Loaded cosmetic: equipmentcompany.wristpad from bundle
[Info   :MoreCompany] Loaded cosmetic: Sluka.fire from bundle
[Info   :MoreCompany] Loaded cosmetic: Sluka.FLUDD from bundle
[Info   :MoreCompany] Loaded cosmetic: NiaNation.FoxyMask from bundle
[Info   :MoreCompany] Loaded cosmetic: sluka.freddy from bundle
[Info   :MoreCompany] Loaded cosmetic: NiaNation.FreddyMask from bundle
[Info   :MoreCompany] Loaded cosmetic: Ben.FrogHat from bundle
[Info   :MoreCompany] Loaded cosmetic: Ben.FrontVisorTilt from bundle
[Info   :MoreCompany] Loaded cosmetic: Ben.FrontVisor from bundle
[Info   :MoreCompany] Loaded cosmetic: Sluka.futaba from bundle
[Info   :MoreCompany] Loaded cosmetic: sluka.chica from bundle
[Info   :MoreCompany] Loaded cosmetic: sluka.glamrockfreddy from bundle
[Info   :MoreCompany] Loaded cosmetic: sluka.glitchtrap from bundle
[Info   :MoreCompany] Loaded cosmetic: sluka.glitchtrapbowtie from bundle
[Info   :MoreCompany] Loaded cosmetic: Ben.Halo from bundle
[Info   :MoreCompany] Loaded cosmetic: Ben.Headset from bundle
[Info   :MoreCompany] Loaded cosmetic: Ben.HeadSpikes from bundle
[Info   :MoreCompany] Loaded cosmetic: hexa.rexbag from bundle
[Info   :MoreCompany] Loaded cosmetic: hexa.awootism from bundle
[Info   :MoreCompany] Loaded cosmetic: hexa.burgerking from bundle
[Info   :MoreCompany] Loaded cosmetic: hexa.cloutglasses from bundle
[Info   :MoreCompany] Loaded cosmetic: replace.me from bundle
[Info   :MoreCompany] Loaded cosmetic: hexa.cowboy from bundle
[Info   :MoreCompany] Loaded cosmetic: hexa.helmet from bundle
[Info   :MoreCompany] Loaded cosmetic: hexa.weirdthing from bundle
[Info   :MoreCompany] Loaded cosmetic: hexa.horns from bundle
[Info   :MoreCompany] Loaded cosmetic: hexa.jason from bundle
[Info   :MoreCompany] Loaded cosmetic: hexa.vest from bundle
[Info   :MoreCompany] Loaded cosmetic: hexa.magahat from bundle
[Info   :MoreCompany] Loaded cosmetic: hexa.offwhite from bundle
[Info   :MoreCompany] Loaded cosmetic: hexa.oldman from bundle
[Info   :MoreCompany] Loaded cosmetic: hexa.pants from bundle
[Info   :MoreCompany] Loaded cosmetic: hexa.rainbowhat from bundle
[Info   :MoreCompany] Loaded cosmetic: hexa.shatteredhalo from bundle
[Info   :MoreCompany] Loaded cosmetic: hexa.stare from bundle
[Info   :MoreCompany] Loaded cosmetic: hexa.quest from bundle
[Info   :MoreCompany] Loaded cosmetic: somebodykillme from bundle
[Info   :MoreCompany] Loaded cosmetic: Ben.HoarderAntenna from bundle
[Info   :MoreCompany] Loaded cosmetic: Ben.Horns1 from bundle
[Info   :MoreCompany] Loaded cosmetic: Ben.Horns2 from bundle
[Info   :MoreCompany] Loaded cosmetic: NiaNation.IHeartRobloxHat from bundle
[Info   :MoreCompany] Loaded cosmetic: Sluka.JEVILHAT from bundle
[Info   :MoreCompany] Loaded cosmetic: sluka.Kel from bundle
[Info   :MoreCompany] Loaded cosmetic: Sluka.kevnlevien from bundle
[Info   :MoreCompany] Loaded cosmetic: NiaNation.KickMeNote from bundle
[Info   :MoreCompany] Loaded cosmetic: luigifan1.kirbyhat from bundle
[Info   :MoreCompany] Loaded cosmetic: luigifan1.kksliderhat from bundle
[Info   :MoreCompany] Loaded cosmetic: sluka.knife from bundle
[Info   :MoreCompany] Loaded cosmetic: luigifan1.luigihat from bundle
[Info   :MoreCompany] Loaded cosmetic: luigifan1.m64headhat from bundle
[Info   :MoreCompany] Loaded cosmetic: Sluka.magolor from bundle
[Info   :MoreCompany] Loaded cosmetic: NiaNation.MaleniaHat from bundle
[Info   :MoreCompany] Loaded cosmetic: NiaNation.MangleMask from bundle
[Info   :MoreCompany] Loaded cosmetic: luigifan1.mariohat from bundle
[Info   :MoreCompany] Loaded cosmetic: luigifan1.mariosleephat from bundle
[Info   :MoreCompany] Loaded cosmetic: wackycosmetics.maxwell from bundle
[Info   :MoreCompany] Loaded cosmetic: Sluka.metaknight from bundle
[Info   :MoreCompany] Loaded cosmetic: sluka.minireena from bundle
[Info   :MoreCompany] Loaded cosmetic: NiaNation.MioCoreCrystal from bundle
[Info   :MoreCompany] Loaded cosmetic: NiaNation.MioHat from bundle
[Info   :MoreCompany] Loaded cosmetic: NiaNation.Monado from bundle
[Info   :MoreCompany] Loaded cosmetic: sluka.monty from bundle
[Info   :MoreCompany] Loaded cosmetic: sluka.montytail from bundle
[Info   :MoreCompany] Loaded cosmetic: sluka.moon from bundle
[Info   :MoreCompany] Loaded cosmetic: NiaNation.NerdEmoji from bundle
[Info   :MoreCompany] Loaded cosmetic: NiaNation.NiaCoattail from bundle
[Info   :MoreCompany] Loaded cosmetic: NiaNation.NiaCoreCrystal from bundle
[Info   :MoreCompany] Loaded cosmetic: NiaNation.NiaHat from bundle
[Info   :MoreCompany] Loaded cosmetic: NiaNation.NiaScimitar from bundle
[Info   :MoreCompany] Loaded cosmetic: wackycosmetics.oscar from bundle
[Info   :MoreCompany] Loaded cosmetic: Ben.Wings from bundle
[Info   :MoreCompany] Loaded cosmetic: luigifan1.pipehat from bundle
[Info   :MoreCompany] Loaded cosmetic: luigifan1.poltergust from bundle
[Info   :MoreCompany] Loaded cosmetic: Sluka.pomnihat from bundle
[Info   :MoreCompany] Loaded cosmetic: Sluka.ponmnieyes from bundle
[Info   :MoreCompany] Loaded cosmetic: NiaNation.Pot from bundle
[Info   :MoreCompany] Loaded cosmetic: luigifan1.propellerhat from bundle
[Info   :MoreCompany] Loaded cosmetic: Sluka.quest3 from bundle
[Info   :MoreCompany] Loaded cosmetic: NiaNation.RanniHat from bundle
[Info   :MoreCompany] Loaded cosmetic: luigifan1.redshellback from bundle
[Info   :MoreCompany] Loaded cosmetic: luigifan1.redshellhat from bundle
[Info   :MoreCompany] Loaded cosmetic: Ben.RetroSciFi from bundle
[Info   :MoreCompany] Loaded cosmetic: NiaNation.RikuHat from bundle
[Info   :MoreCompany] Loaded cosmetic: luigifan1.robhat from bundle
[Info   :MoreCompany] Loaded cosmetic: Sluka.Roxy from bundle
[Info   :MoreCompany] Loaded cosmetic: Sluka.Roxychest from bundle
[Info   :MoreCompany] Loaded cosmetic: Sluka.Tail from bundle
[Info   :MoreCompany] Loaded cosmetic: Sluka.ryan from bundle
[Info   :MoreCompany] Loaded cosmetic: luigifan1.sanshat from bundle
[Info   :MoreCompany] Loaded cosmetic: Ben.SayuWings from bundle
[Info   :MoreCompany] Loaded cosmetic: sluka.scrapbaby2 from bundle
[Info   :MoreCompany] Loaded cosmetic: Sluka.scraptrap from bundle
[Info   :MoreCompany] Loaded cosmetic: luigifan1.shellback from bundle
[Info   :MoreCompany] Loaded cosmetic: luigifan1.shellhat from bundle
[Info   :MoreCompany] Loaded cosmetic: Ben.SideCamL from bundle
[Info   :MoreCompany] Loaded cosmetic: Ben.SideCamR from bundle
[Info   :MoreCompany] Loaded cosmetic: sluka.skibifi from bundle
[Info   :MoreCompany] Loaded cosmetic: NiaNation.StrangeMask from bundle
[Info   :MoreCompany] Loaded cosmetic: sluka.sun from bundle
[Info   :MoreCompany] Loaded cosmetic: Ben.Sweat from bundle
[Info   :MoreCompany] Loaded cosmetic: NiaNation.SybilHat from bundle
[Info   :MoreCompany] Loaded cosmetic: NiaNation.SybilTail from bundle
[Info   :MoreCompany] Loaded cosmetic: wackycosmetics.tbhcreature from bundle
[Info   :MoreCompany] Loaded cosmetic: Ben.TentTex2 from bundle
[Info   :MoreCompany] Loaded cosmetic: luigifan1.tetrishat from bundle
[Info   :MoreCompany] Loaded cosmetic: sluka.glitchtrappuppet from bundle
[Info   :MoreCompany] Loaded cosmetic: luigifan1.toadettehat from bundle
[Info   :MoreCompany] Loaded cosmetic: luigifan1.toadhat from bundle
[Info   :MoreCompany] Loaded cosmetic: wackycosmetics.toweringpillarofhats from bundle
[Info   :MoreCompany] Loaded cosmetic: NiaNation.Turters from bundle
[Info   :MoreCompany] Loaded cosmetic: wackycosmetics.valkyriehelm from bundle
[Info   :MoreCompany] Loaded cosmetic: sluka.vanny from bundle
[Info   :MoreCompany] Loaded cosmetic: Ben.VDGlasses from bundle
[Info   :MoreCompany] Loaded cosmetic: Ben.VisorModular from bundle
[Info   :MoreCompany] Loaded cosmetic: Ben.VisorPostApoc from bundle
[Info   :MoreCompany] Loaded cosmetic: Ben.VisorTF from bundle
[Info   :MoreCompany] Loaded cosmetic: luigifan1.waddledeehat from bundle
[Info   :MoreCompany] Loaded cosmetic: luigifan1.waluigihat from bundle
[Info   :MoreCompany] Loaded cosmetic: luigifan1.wariohat from bundle
[Info   :MoreCompany] Loaded cosmetic: luigifan1.wigglerhat from bundle
[Info   :MoreCompany] Loaded cosmetic: Sluka.wizard from bundle
[Info   :MoreCompany] Loaded cosmetic: luigifan1.woolyoshihat from bundle
[Info   :MoreCompany] Loaded cosmetic: luigifan1.yellowtoadhat from bundle
[Info   :MoreCompany] Loaded MoreCompany FULLY
[Info   :   BepInEx] Loading [TooManyEmotes 2.1.5]
[Info   :TooManyEmotes-2.1.5] BindingConfigs
[Info   :TooManyEmotes-2.1.5] Initializing custom emote hotkeys.
[Info   :TooManyEmotes-2.1.5] Successfully loaded 26 animation clips from asset bundle: Assets/emotes_complementary
[Info   :TooManyEmotes-2.1.5] Successfully loaded 83 animation clips from asset bundle: Assets/emotes_0
[Info   :TooManyEmotes-2.1.5] Successfully loaded 117 animation clips from asset bundle: Assets/emotes_1
[Info   :TooManyEmotes-2.1.5] Successfully loaded 79 animation clips from asset bundle: Assets/emotes_2
[Info   :TooManyEmotes-2.1.5] Successfully loaded 7 animation clips from asset bundle: Assets/emotes_3
[Info   :TooManyEmotes-2.1.5] Successfully loaded 4 animation clips from asset bundle: Assets/emotes_special
[Info   :TooManyEmotes-2.1.5] Successfully loaded radial menu asset.
[Info   :TooManyEmotes-2.1.5] Loaded 18 emote props.
[Info   :TooManyEmotes-2.1.5] Loading 132 dmca-free audio clips.
[Info   :TooManyEmotes-2.1.5] Loading 117 dmca audio clips.
[Info   :TooManyEmotes-2.1.5] TooManyEmotes finished loading!
[Info   :   BepInEx] Loading [Suit Saver 1.2.0]
[Info   : Unity Log] [SS]: Suit Saver loaded successfully!
[Info   :   BepInEx] Loading [Corporate Restructure 1.0.6]
[Info   :Corporate Restructure] Corporate Restructure -> loading
[Info   :Corporate Restructure] Corporate Restructure -> complete
[Info   :   BepInEx] Loading [LRCCosmetics 1.0.0]
[Info   :LRCCosmetics] Plugin LRCCosmetics is loaded!
[Info   :   BepInEx] Loading [MaskedEnemyRework 3.1.1]
[Info   :MaskedEnemyRework] Plugin MaskedEnemyRework is loaded! Woohoo!
[Info   :   BepInEx] Loading [HealthMetrics 1.0.0]
[Info   :Matsuura.HealthMetrics] HealthMetrics Awake
[Info   :   BepInEx] Loading [Buyable Shotgun Shells 1.1.0]
[Info   :Buyable Shotgun Shells] Shotgun Shell added to Shop for 20 credits
[Info   :Buyable Shotgun Shells] Plugin Buyable Shotgun Shells is loaded with version 1.1.0!
[Info   :   BepInEx] Loading [Hide Chat 1.0.0]
[Debug  :Miodec.HideChat] hidechat is awake
[Info   :   BepInEx] Loading [LethalCasino 0.5.2]
[Info   :mrgrm7.LethalCasino] Using master config difficulty=FUN
[Info   :mrgrm7.LethalCasino] Asset bundle loaded successfully
[Warning: Unity Log] The referenced script (Rotate) on this Behaviour is missing!
[Warning: Unity Log] The referenced script on this Behaviour (Game Object 'Fan_low_part_02') is missing!
[Debug  :LethalCasino] Patching...
[Debug  :LethalCasino] Finished Patching!
[Info   :LethalCasino] mrgrm7.LethalCasino v0.5.2 has loaded!
[Info   :   BepInEx] Loading [Better Item Scan 3.0.0.2]
[Info   :PopleZoo.BetterItemScan] Plugin BetterItemScan is loaded!
[Info   :   BepInEx] Loading [PushCompany 1.2.0]
[Info   :PushCompany] PushCompany has initialized!
[Info   :   BepInEx] Loading [MirrorDecor 1.3.2]
[Info   :MirrorDecor] Plugin MirrorDecor is loaded!
[Info   :   BepInEx] Loading [Flashlight 1.5.0]
[Info   :Flashlight] ------Flashlight done.------
[Info   :   BepInEx] Loading [Skinwalker Mod 5.0.0]
[Info   :RugbugRedfern.SkinwalkerMod] SKINWALKER MOD STARTING UP 5.0.0
[Info   :RugbugRedfern.SkinwalkerMod] VoiceEnabled_BaboonHawk VALUE LOADED FROM CONFIG: [True]
[Info   :RugbugRedfern.SkinwalkerMod] VoiceEnabled_Bracken VALUE LOADED FROM CONFIG: [True]
[Info   :RugbugRedfern.SkinwalkerMod] VoiceEnabled_BunkerSpider VALUE LOADED FROM CONFIG: [True]
[Info   :RugbugRedfern.SkinwalkerMod] VoiceEnabled_Centipede VALUE LOADED FROM CONFIG: [True]
[Info   :RugbugRedfern.SkinwalkerMod] VoiceEnabled_CoilHead VALUE LOADED FROM CONFIG: [True]
[Info   :RugbugRedfern.SkinwalkerMod] VoiceEnabled_EyelessDog VALUE LOADED FROM CONFIG: [True]
[Info   :RugbugRedfern.SkinwalkerMod] VoiceEnabled_ForestGiant VALUE LOADED FROM CONFIG: [False]
[Info   :RugbugRedfern.SkinwalkerMod] VoiceEnabled_GhostGirl VALUE LOADED FROM CONFIG: [True]
[Info   :RugbugRedfern.SkinwalkerMod] VoiceEnabled_GiantWorm VALUE LOADED FROM CONFIG: [False]
[Info   :RugbugRedfern.SkinwalkerMod] VoiceEnabled_HoardingBug VALUE LOADED FROM CONFIG: [True]
[Info   :RugbugRedfern.SkinwalkerMod] VoiceEnabled_Hygrodere VALUE LOADED FROM CONFIG: [False]
[Info   :RugbugRedfern.SkinwalkerMod] VoiceEnabled_Jester VALUE LOADED FROM CONFIG: [True]
[Info   :RugbugRedfern.SkinwalkerMod] VoiceEnabled_Masked VALUE LOADED FROM CONFIG: [True]
[Info   :RugbugRedfern.SkinwalkerMod] VoiceEnabled_Nutcracker VALUE LOADED FROM CONFIG: [True]
[Info   :RugbugRedfern.SkinwalkerMod] VoiceEnabled_SporeLizard VALUE LOADED FROM CONFIG: [True]
[Info   :RugbugRedfern.SkinwalkerMod] VoiceEnabled_Thumper VALUE LOADED FROM CONFIG: [True]
[Info   :RugbugRedfern.SkinwalkerMod] VoiceEnabled_OtherEnemies VALUE LOADED FROM CONFIG: [True]
[Info   :RugbugRedfern.SkinwalkerMod] VoiceLineFrequency VALUE LOADED FROM CONFIG: [1.5]
[Info   :RugbugRedfern.SkinwalkerMod] Skinwalker Mod Object Initialized
[Info   :   BepInEx] Loading [Yippee tbh mod 1.2.4]
[Info   :sunnobunno.YippeeMod] sunnobunno.YippeeMod is loading.
[Info   :sunnobunno.YippeeMod] sunnobunno.YippeeMod is loaded. Yippee!!!
[Info   :   BepInEx] Loading [LC Always Hear Active Walkies 1.4.4]
[Info   :suskitech.LCAlwaysHearActiveWalkie] \ /
[Info   :suskitech.LCAlwaysHearActiveWalkie] /|\
[Info   :suskitech.LCAlwaysHearActiveWalkie]  |----|
[Info   :suskitech.LCAlwaysHearActiveWalkie]  |[__]| Always Hear Active Walkies
[Info   :suskitech.LCAlwaysHearActiveWalkie]  |.  .| Version 1.4.4 Loaded
[Info   :suskitech.LCAlwaysHearActiveWalkie]  |____|
[Info   :suskitech.LCAlwaysHearActiveWalkie] 
[Info   :suskitech.LCAlwaysHearActiveWalkie] AudibleDistance: 15
[Info   :suskitech.LCAlwaysHearActiveWalkie] WalkieRecordingRange: 20
[Info   :suskitech.LCAlwaysHearActiveWalkie] PlayerToPlayerSpatialHearingRange: 20
[Info   :   BepInEx] Loading [More Suits 1.4.3]
[Info   :More Suits] Plugin More Suits is loaded!
[Info   :   BepInEx] Loading [Too Many Suits 1.0.8]
[Info   :Too Many Suits] TooManySuits Mod Loaded.
[Info   :   BepInEx] Loading [WeatherMultipliers 1.1.0]
[Info   :WeatherMultipliers] Plugin WeatherMultipliers is loaded!
[Info   :   BepInEx] Loading [Mimics 2.5.0]
[Info   :    Mimics] Plugin Mimics is loaded!
[Message:   BepInEx] Chainloader startup complete
[Info   :Lethal Company API] LC_API Started!
[Info   :EmployeeAssignments] Plugin EmployeeAssignments is loaded!
[Info   :LRCCosmetics] Loading assets for LRCCosmetics
[Info   :LRCCosmetics] Successfully loaded cosmetic: lrccosmetics.braixenhead
[Info   :LRCCosmetics] Successfully loaded cosmetic: lrccosmetics.dittohead
[Info   :LRCCosmetics] Successfully loaded cosmetic: lrccosmetics.eeveehead
[Info   :LRCCosmetics] Successfully loaded cosmetic: lrccosmetics.flareonhead
[Info   :LRCCosmetics] Successfully loaded cosmetic: lrccosmetics.gardevoirhead
[Info   :LRCCosmetics] Successfully loaded cosmetic: lrccosmetics.jolteonhead
[Info   :LRCCosmetics] Successfully loaded cosmetic: lrccosmetics.legosharkbluehead
[Info   :LRCCosmetics] Successfully loaded cosmetic: lrccosmetics.meowscaradahead
[Info   :LRCCosmetics] Successfully loaded cosmetic: lrccosmetics.mortyhead
[Info   :LRCCosmetics] Successfully loaded cosmetic: lrccosmetics.rickhead
[Info   :LRCCosmetics] Successfully loaded cosmetic: lrccosmetics.vaporeonhead
[Info   :LRCCosmetics] Successfully loaded cosmetic: lrccosmetics.zoruahead
[Info   :ReservedFlashlightSlot-2.0.3] Initializing hotkeys.
[Info   :ReservedWalkieSlot-2.0.5] Initializing hotkeys.
[Info   : Unity Log] Saving changed settings
[Info   : Unity Log] subcribing to steam callbacks
[Warning: Unity Log] DontDestroyOnLoad only works for root GameObjects or components on root GameObjects.
[Info   :mrgrm7.LethalCasino] Adding slot machine to network prefab
[Info   :LethalThings] Found conductive scrap [LungApparatus]
[Info   :LethalThings] Found conductive scrap [PatcherGunItem]
[Info   :LethalThings] Found conductive scrap [Cog]
[Info   :LethalThings] Found conductive scrap [EnginePart]
[Info   :LethalThings] Found conductive scrap [MetalSheet]
[Info   :LethalThings] Found conductive scrap [ShovelItem]
[Info   :LethalThings] Found conductive scrap [BigBolt]
[Info   :LethalThings] Found conductive scrap [FancyLamp]
[Info   :LethalThings] Found conductive scrap [FancyRing]
[Info   :LethalThings] Found conductive scrap [HandBell]
[Info   :LethalThings] Found conductive scrap [RobotToy]
[Info   :LethalThings] Found conductive scrap [TeaKettle]
[Info   :LethalThings] Found conductive scrap [StopSign]
[Info   :LethalThings] Found conductive scrap [RedSodaCan]
[Info   :LethalThings] Found conductive scrap [EggBeater]
[Info   :LethalThings] Found conductive scrap [JetpackItem]
[Info   :LethalThings] Found conductive scrap [Clownhorn]
[Info   :LethalThings] Found conductive scrap [GoldBar]
[Info   :LethalThings] Found conductive scrap [CashRegisterItem]
[Info   :LethalThings] Found conductive scrap [Key]
[Info   :LethalThings] Found conductive scrap [TZPChemical]
[Info   :LethalThings] Found conductive scrap [LungApparatusTurnedOff]
[Info   :LethalThings] Found conductive scrap [RedLocustHive]
[Info   :LethalThings] Found conductive scrap [ExtensionLadderItem]
[Info   :LethalThings] Found conductive scrap [RadarBoosterDevice]
[Info   :LethalThings] Found conductive scrap [YieldSign]
[Info   :LethalThings] Found conductive scrap [Flask]
[Info   :LethalThings] Found conductive scrap [KnifeItem]
[Info   :LethalThings] Found conductive scrap [PortableTeleporterNew5]
[Info   :LethalThings] Found conductive scrap [AdvancedPortableTeleporter]
[Info   :LethalThings] Found conductive scrap [Peeper]
[Info   :LethalThings] Found conductive scrap [DivingKit]
[Info   :LethalThings] Found conductive scrap [StoreWheelbarrow]
[Info   :LethalThings] Found conductive scrap [ScrapWheelbarrow]
[Info   :LethalThings] Found conductive scrap [Dingus]
[Info   :LethalThings] Found conductive scrap [GremlinEnergy]
[Info   :LethalThings] Found conductive scrap [FlaregunAmmo]
[Info   :MoreCompany] LANMenu startLAN Patched
[Info   : Unity Log] Returning week num: 18
[Info   : Unity Log] week num: 18
[Info   : Unity Log] host button pressed
[Info   : Unity Log] Returning week num: 18
[Info   : Unity Log] Displaying menu message
[Info   : Unity Log] Connection approval callback! Game version of client request: 
[Info   : Unity Log] Joining client id: 0; Local/host client id: 0
[Info   : Unity Log] Stopped connection approval callback, as the client in question was the host!
[Warning: Unity Log] [Netcode] You cannot decline the host connection. The connection was automatically approved.
[Info   : Unity Log] started host!
[Info   : Unity Log] are we in a server?: True
[Message:Lethal Company API] server pre-setup success
[Info   : Unity Log] Lobby has been created
[Info   : Unity Log] [Network Transport] Initialized
[Info   : Unity Log] [Network Transport] Connected
[Info   :RugbugRedfern.SkinwalkerMod] Audio folder not present. Don't worry about it, it will be created automatically when you play with friends. (G:/SteamLibrary/steamapps/common/Lethal Company/Lethal Company_Data\..\Dissonance_Diagnostics)
[Info   :LethalThings] Spawning config manager
[Info   :TooManyEmotes-2.1.5] Loading AudioManager preferences.
[Info   : Unity Log] Enabling connection callbacks in StartOfRound
[Info   : Unity Log] Began listening to SceneManager_OnLoadComplete1 on this client
[Info   : LethalLib] Adding 5 unlockables to unlockables list
[Info   : LethalLib] Adding 17 items to terminal
[Info   :mrgrm7.LethalCasino] RoundManagerPatch has awoken
[Message:mrgrm7.LethalCasino] Awaking CasinoManager
[Warning: Unity Log] DontDestroyOnLoad only works for root GameObjects or components on root GameObjects.
[Message:mrgrm7.LethalCasino] CasinoManager is awake
[Info   :TooManyEmotes-2.1.5] Initializing emote menu
[Info   :TooManyEmotes-2.1.5] Loading AudioManager preferences.
[Info   :TooManyEmotes-2.1.5] Loading ThirdPersonEmoteController preferences.
[Info   :TooManyEmotes-2.1.5] Initializing animation renderer
[Warning: Unity Log] NetworkVariable is written to, but doesn't know its NetworkBehaviour yet. Are you modifying a NetworkVariable before the NetworkObject is spawned?
[Warning: Unity Log] NetworkVariable is written to, but doesn't know its NetworkBehaviour yet. Are you modifying a NetworkVariable before the NetworkObject is spawned?
[Warning: Unity Log] NetworkVariable is written to, but doesn't know its NetworkBehaviour yet. Are you modifying a NetworkVariable before the NetworkObject is spawned?
[Warning: Unity Log] NetworkVariable is written to, but doesn't know its NetworkBehaviour yet. Are you modifying a NetworkVariable before the NetworkObject is spawned?
[Info   :RugbugRedfern.SkinwalkerMod] HOST SENDING CONFIG TO CLIENTS
[Info   :RugbugRedfern.SkinwalkerMod] SkinwalkerNetworkManager Awake
[Info   : Unity Log] Initialized SkinwalkerNetworkManager
[Info   :MoreCompany] ResizePlayerCache: 32
[Info   :MoreCompany] Resizing player cache from 4 to 32 with difference of 28
[Info   : Unity Log] Called teleport function on Player (4)
[Info   : Unity Log] Called teleport function on Player (5)
[Info   : Unity Log] Called teleport function on Player (6)
[Info   : Unity Log] Called teleport function on Player (7)
[Info   : Unity Log] Called teleport function on Player (8)
[Info   : Unity Log] Called teleport function on Player (9)
[Info   : Unity Log] Called teleport function on Player (10)
[Info   : Unity Log] Called teleport function on Player (11)
[Info   : Unity Log] Called teleport function on Player (12)
[Info   : Unity Log] Called teleport function on Player (13)
[Info   : Unity Log] Called teleport function on Player (14)
[Info   : Unity Log] Called teleport function on Player (15)
[Info   : Unity Log] Called teleport function on Player (16)
[Info   : Unity Log] Called teleport function on Player (17)
[Info   : Unity Log] Called teleport function on Player (18)
[Info   : Unity Log] Called teleport function on Player (19)
[Info   : Unity Log] Called teleport function on Player (20)
[Info   : Unity Log] Called teleport function on Player (21)
[Info   : Unity Log] Called teleport function on Player (22)
[Info   : Unity Log] Called teleport function on Player (23)
[Info   : Unity Log] Called teleport function on Player (24)
[Info   : Unity Log] Called teleport function on Player (25)
[Info   : Unity Log] Called teleport function on Player (26)
[Info   : Unity Log] Called teleport function on Player (27)
[Info   : Unity Log] Called teleport function on Player (28)
[Info   : Unity Log] Called teleport function on Player (29)
[Info   : Unity Log] Called teleport function on Player (30)
[Info   : Unity Log] Called teleport function on Player (31)
[Warning: Unity Log] damageTrigger is disabled! Netcode for GameObjects does not support spawning disabled NetworkBehaviours! The InteractTrigger component was skipped during spawn!
[Info   : LethalLib] Found 42 prefabs to fix
[Debug  :More Ship Upgrades] [StartOfRoundPatcher] Initiating components...
[Debug  :More Ship Upgrades] [StartOfRoundPatcher] LguStore component initiated...
[Debug  :More Ship Upgrades] [SpawnItemManager] Snare Flea Sample component initiated...
[Debug  :More Ship Upgrades] [SpawnItemManager] Bunker Spider Sample component initiated...
[Debug  :More Ship Upgrades] [SpawnItemManager] Hoarding Bug Sample component initiated...
[Debug  :More Ship Upgrades] [SpawnItemManager] Bracken Sample component initiated...
[Debug  :More Ship Upgrades] [SpawnItemManager] Eyeless Dog Sample component initiated...
[Debug  :More Ship Upgrades] [SpawnItemManager] Baboon Hawk Sample component initiated...
[Debug  :More Ship Upgrades] [SpawnItemManager] Thumper Sample component initiated...
[Info   : Unity Log] level id: 0
[Info   : Unity Log] Changing level
[Info   : Unity Log] Item sales percentages #0: 0
[Info   : Unity Log] Item sales percentages #1: 0
[Info   : Unity Log] Item sales percentages #2: 0
[Info   : Unity Log] Item sales percentages #3: 0
[Info   : Unity Log] Item sales percentages #4: 0
[Info   : Unity Log] Item sales percentages #5: 0
[Info   : Unity Log] Item sales percentages #6: 0
[Info   : Unity Log] Item sales percentages #7: 0
[Info   : Unity Log] Item sales percentages #8: 0
[Info   : Unity Log] Item sales percentages #9: 0
[Info   : Unity Log] Item sales percentages #10: 0
[Info   : Unity Log] Item sales percentages #11: 0
[Info   : Unity Log] Item sales percentages #12: 0
[Info   : Unity Log] Item sales percentages #13: 0
[Info   : Unity Log] Item sales percentages #14: 0
[Info   : Unity Log] Item sales percentages #15: 0
[Info   : Unity Log] Item sales percentages #16: 0
[Info   : Unity Log] Item sales percentages #17: 0
[Info   : Unity Log] Item sales percentages #18: 0
[Info   : Unity Log] Item sales percentages #19: 0
[Info   : Unity Log] Item sales percentages #20: 0
[Info   : Unity Log] Item sales percentages #21: 0
[Info   : Unity Log] Item sales percentages #22: 0
[Info   : Unity Log] Item sales percentages #23: 0
[Info   : Unity Log] Item sales percentages #24: 0
[Info   : Unity Log] Item sales percentages #25: 0
[Info   : Unity Log] Item sales percentages #26: 0
[Info   : Unity Log] Item sales percentages #27: 0
[Info   : Unity Log] Item sales percentages #28: 0
[Info   : Unity Log] Item sales percentages #29: 0
[Warning: Unity Log] NetworkVariable is written to, but doesn't know its NetworkBehaviour yet. Are you modifying a NetworkVariable before the NetworkObject is spawned?
[Warning: Unity Log] NetworkVariable is written to, but doesn't know its NetworkBehaviour yet. Are you modifying a NetworkVariable before the NetworkObject is spawned?
[Warning: Unity Log] NetworkVariable is written to, but doesn't know its NetworkBehaviour yet. Are you modifying a NetworkVariable before the NetworkObject is spawned?
[Warning: Unity Log] NetworkVariable is written to, but doesn't know its NetworkBehaviour yet. Are you modifying a NetworkVariable before the NetworkObject is spawned?
[Warning: Unity Log] NetworkVariable is written to, but doesn't know its NetworkBehaviour yet. Are you modifying a NetworkVariable before the NetworkObject is spawned?
[Warning: Unity Log] NetworkVariable is written to, but doesn't know its NetworkBehaviour yet. Are you modifying a NetworkVariable before the NetworkObject is spawned?
[Warning: Unity Log] NetworkVariable is written to, but doesn't know its NetworkBehaviour yet. Are you modifying a NetworkVariable before the NetworkObject is spawned?
[Warning: Unity Log] NetworkVariable is written to, but doesn't know its NetworkBehaviour yet. Are you modifying a NetworkVariable before the NetworkObject is spawned?
[Warning: Unity Log] NetworkVariable is written to, but doesn't know its NetworkBehaviour yet. Are you modifying a NetworkVariable before the NetworkObject is spawned?
[Warning: Unity Log] NetworkVariable is written to, but doesn't know its NetworkBehaviour yet. Are you modifying a NetworkVariable before the NetworkObject is spawned?
[Warning: Unity Log] NetworkVariable is written to, but doesn't know its NetworkBehaviour yet. Are you modifying a NetworkVariable before the NetworkObject is spawned?
[Warning: Unity Log] NetworkVariable is written to, but doesn't know its NetworkBehaviour yet. Are you modifying a NetworkVariable before the NetworkObject is spawned?
[Warning: Unity Log] NetworkVariable is written to, but doesn't know its NetworkBehaviour yet. Are you modifying a NetworkVariable before the NetworkObject is spawned?
[Warning: Unity Log] NetworkVariable is written to, but doesn't know its NetworkBehaviour yet. Are you modifying a NetworkVariable before the NetworkObject is spawned?
[Warning: Unity Log] NetworkVariable is written to, but doesn't know its NetworkBehaviour yet. Are you modifying a NetworkVariable before the NetworkObject is spawned?
[Warning: Unity Log] NetworkVariable is written to, but doesn't know its NetworkBehaviour yet. Are you modifying a NetworkVariable before the NetworkObject is spawned?
[Warning: Unity Log] NetworkVariable is written to, but doesn't know its NetworkBehaviour yet. Are you modifying a NetworkVariable before the NetworkObject is spawned?
[Warning: Unity Log] NetworkVariable is written to, but doesn't know its NetworkBehaviour yet. Are you modifying a NetworkVariable before the NetworkObject is spawned?
[Warning: Unity Log] NetworkVariable is written to, but doesn't know its NetworkBehaviour yet. Are you modifying a NetworkVariable before the NetworkObject is spawned?
[Warning: Unity Log] NetworkVariable is written to, but doesn't know its NetworkBehaviour yet. Are you modifying a NetworkVariable before the NetworkObject is spawned?
[Warning: Unity Log] NetworkVariable is written to, but doesn't know its NetworkBehaviour yet. Are you modifying a NetworkVariable before the NetworkObject is spawned?
[Warning: Unity Log] NetworkVariable is written to, but doesn't know its NetworkBehaviour yet. Are you modifying a NetworkVariable before the NetworkObject is spawned?
[Warning: Unity Log] NetworkVariable is written to, but doesn't know its NetworkBehaviour yet. Are you modifying a NetworkVariable before the NetworkObject is spawned?
[Warning: Unity Log] NetworkVariable is written to, but doesn't know its NetworkBehaviour yet. Are you modifying a NetworkVariable before the NetworkObject is spawned?
[Warning: Unity Log] NetworkVariable is written to, but doesn't know its NetworkBehaviour yet. Are you modifying a NetworkVariable before the NetworkObject is spawned?
[Warning: Unity Log] NetworkVariable is written to, but doesn't know its NetworkBehaviour yet. Are you modifying a NetworkVariable before the NetworkObject is spawned?
[Warning: Unity Log] NetworkVariable is written to, but doesn't know its NetworkBehaviour yet. Are you modifying a NetworkVariable before the NetworkObject is spawned?
[Warning: Unity Log] NetworkVariable is written to, but doesn't know its NetworkBehaviour yet. Are you modifying a NetworkVariable before the NetworkObject is spawned?
[Warning: Unity Log] NetworkVariable is written to, but doesn't know its NetworkBehaviour yet. Are you modifying a NetworkVariable before the NetworkObject is spawned?
[Warning: Unity Log] NetworkVariable is written to, but doesn't know its NetworkBehaviour yet. Are you modifying a NetworkVariable before the NetworkObject is spawned?
[Warning: Unity Log] NetworkVariable is written to, but doesn't know its NetworkBehaviour yet. Are you modifying a NetworkVariable before the NetworkObject is spawned?
[Warning: Unity Log] NetworkVariable is written to, but doesn't know its NetworkBehaviour yet. Are you modifying a NetworkVariable before the NetworkObject is spawned?
[Warning: Unity Log] NetworkVariable is written to, but doesn't know its NetworkBehaviour yet. Are you modifying a NetworkVariable before the NetworkObject is spawned?
[Warning: Unity Log] NetworkVariable is written to, but doesn't know its NetworkBehaviour yet. Are you modifying a NetworkVariable before the NetworkObject is spawned?
[Warning: Unity Log] NetworkVariable is written to, but doesn't know its NetworkBehaviour yet. Are you modifying a NetworkVariable before the NetworkObject is spawned?
[Warning: Unity Log] NetworkVariable is written to, but doesn't know its NetworkBehaviour yet. Are you modifying a NetworkVariable before the NetworkObject is spawned?
[Warning: Unity Log] NetworkVariable is written to, but doesn't know its NetworkBehaviour yet. Are you modifying a NetworkVariable before the NetworkObject is spawned?
[Warning: Unity Log] NetworkVariable is written to, but doesn't know its NetworkBehaviour yet. Are you modifying a NetworkVariable before the NetworkObject is spawned?
[Warning: Unity Log] NetworkVariable is written to, but doesn't know its NetworkBehaviour yet. Are you modifying a NetworkVariable before the NetworkObject is spawned?
[Warning: Unity Log] NetworkVariable is written to, but doesn't know its NetworkBehaviour yet. Are you modifying a NetworkVariable before the NetworkObject is spawned?
[Warning: Unity Log] NetworkVariable is written to, but doesn't know its NetworkBehaviour yet. Are you modifying a NetworkVariable before the NetworkObject is spawned?
[Warning: Unity Log] NetworkVariable is written to, but doesn't know its NetworkBehaviour yet. Are you modifying a NetworkVariable before the NetworkObject is spawned?
[Warning: Unity Log] NetworkVariable is written to, but doesn't know its NetworkBehaviour yet. Are you modifying a NetworkVariable before the NetworkObject is spawned?
[Warning: Unity Log] NetworkVariable is written to, but doesn't know its NetworkBehaviour yet. Are you modifying a NetworkVariable before the NetworkObject is spawned?
[Warning: Unity Log] NetworkVariable is written to, but doesn't know its NetworkBehaviour yet. Are you modifying a NetworkVariable before the NetworkObject is spawned?
[Warning: Unity Log] NetworkVariable is written to, but doesn't know its NetworkBehaviour yet. Are you modifying a NetworkVariable before the NetworkObject is spawned?
[Warning: Unity Log] NetworkVariable is written to, but doesn't know its NetworkBehaviour yet. Are you modifying a NetworkVariable before the NetworkObject is spawned?
[Warning: Unity Log] NetworkVariable is written to, but doesn't know its NetworkBehaviour yet. Are you modifying a NetworkVariable before the NetworkObject is spawned?
[Warning: Unity Log] NetworkVariable is written to, but doesn't know its NetworkBehaviour yet. Are you modifying a NetworkVariable before the NetworkObject is spawned?
[Warning: Unity Log] NetworkVariable is written to, but doesn't know its NetworkBehaviour yet. Are you modifying a NetworkVariable before the NetworkObject is spawned?
[Warning: Unity Log] NetworkVariable is written to, but doesn't know its NetworkBehaviour yet. Are you modifying a NetworkVariable before the NetworkObject is spawned?
[Warning: Unity Log] NetworkVariable is written to, but doesn't know its NetworkBehaviour yet. Are you modifying a NetworkVariable before the NetworkObject is spawned?
[Warning: Unity Log] NetworkVariable is written to, but doesn't know its NetworkBehaviour yet. Are you modifying a NetworkVariable before the NetworkObject is spawned?
[Warning: Unity Log] NetworkVariable is written to, but doesn't know its NetworkBehaviour yet. Are you modifying a NetworkVariable before the NetworkObject is spawned?
[Warning: Unity Log] NetworkVariable is written to, but doesn't know its NetworkBehaviour yet. Are you modifying a NetworkVariable before the NetworkObject is spawned?
[Warning: Unity Log] NetworkVariable is written to, but doesn't know its NetworkBehaviour yet. Are you modifying a NetworkVariable before the NetworkObject is spawned?
[Warning: Unity Log] NetworkVariable is written to, but doesn't know its NetworkBehaviour yet. Are you modifying a NetworkVariable before the NetworkObject is spawned?
[Warning: Unity Log] NetworkVariable is written to, but doesn't know its NetworkBehaviour yet. Are you modifying a NetworkVariable before the NetworkObject is spawned?
[Warning: Unity Log] NetworkVariable is written to, but doesn't know its NetworkBehaviour yet. Are you modifying a NetworkVariable before the NetworkObject is spawned?
[Warning: Unity Log] NetworkVariable is written to, but doesn't know its NetworkBehaviour yet. Are you modifying a NetworkVariable before the NetworkObject is spawned?
[Warning: Unity Log] NetworkVariable is written to, but doesn't know its NetworkBehaviour yet. Are you modifying a NetworkVariable before the NetworkObject is spawned?
[Warning: Unity Log] NetworkVariable is written to, but doesn't know its NetworkBehaviour yet. Are you modifying a NetworkVariable before the NetworkObject is spawned?
[Warning: Unity Log] NetworkVariable is written to, but doesn't know its NetworkBehaviour yet. Are you modifying a NetworkVariable before the NetworkObject is spawned?
[Warning: Unity Log] NetworkVariable is written to, but doesn't know its NetworkBehaviour yet. Are you modifying a NetworkVariable before the NetworkObject is spawned?
[Warning: Unity Log] NetworkVariable is written to, but doesn't know its NetworkBehaviour yet. Are you modifying a NetworkVariable before the NetworkObject is spawned?
[Warning: Unity Log] NetworkVariable is written to, but doesn't know its NetworkBehaviour yet. Are you modifying a NetworkVariable before the NetworkObject is spawned?
[Warning: Unity Log] NetworkVariable is written to, but doesn't know its NetworkBehaviour yet. Are you modifying a NetworkVariable before the NetworkObject is spawned?
[Warning: Unity Log] NetworkVariable is written to, but doesn't know its NetworkBehaviour yet. Are you modifying a NetworkVariable before the NetworkObject is spawned?
[Warning: Unity Log] NetworkVariable is written to, but doesn't know its NetworkBehaviour yet. Are you modifying a NetworkVariable before the NetworkObject is spawned?
[Warning: Unity Log] NetworkVariable is written to, but doesn't know its NetworkBehaviour yet. Are you modifying a NetworkVariable before the NetworkObject is spawned?
[Warning: Unity Log] NetworkVariable is written to, but doesn't know its NetworkBehaviour yet. Are you modifying a NetworkVariable before the NetworkObject is spawned?
[Warning: Unity Log] NetworkVariable is written to, but doesn't know its NetworkBehaviour yet. Are you modifying a NetworkVariable before the NetworkObject is spawned?
[Warning: Unity Log] NetworkVariable is written to, but doesn't know its NetworkBehaviour yet. Are you modifying a NetworkVariable before the NetworkObject is spawned?
[Warning: Unity Log] NetworkVariable is written to, but doesn't know its NetworkBehaviour yet. Are you modifying a NetworkVariable before the NetworkObject is spawned?
[Warning: Unity Log] NetworkVariable is written to, but doesn't know its NetworkBehaviour yet. Are you modifying a NetworkVariable before the NetworkObject is spawned?
[Warning: Unity Log] NetworkVariable is written to, but doesn't know its NetworkBehaviour yet. Are you modifying a NetworkVariable before the NetworkObject is spawned?
[Warning: Unity Log] NetworkVariable is written to, but doesn't know its NetworkBehaviour yet. Are you modifying a NetworkVariable before the NetworkObject is spawned?
[Warning: Unity Log] NetworkVariable is written to, but doesn't know its NetworkBehaviour yet. Are you modifying a NetworkVariable before the NetworkObject is spawned?
[Warning: Unity Log] NetworkVariable is written to, but doesn't know its NetworkBehaviour yet. Are you modifying a NetworkVariable before the NetworkObject is spawned?
[Warning: Unity Log] NetworkVariable is written to, but doesn't know its NetworkBehaviour yet. Are you modifying a NetworkVariable before the NetworkObject is spawned?
[Warning: Unity Log] NetworkVariable is written to, but doesn't know its NetworkBehaviour yet. Are you modifying a NetworkVariable before the NetworkObject is spawned?
[Warning: Unity Log] NetworkVariable is written to, but doesn't know its NetworkBehaviour yet. Are you modifying a NetworkVariable before the NetworkObject is spawned?
[Warning: Unity Log] NetworkVariable is written to, but doesn't know its NetworkBehaviour yet. Are you modifying a NetworkVariable before the NetworkObject is spawned?
[Warning: Unity Log] NetworkVariable is written to, but doesn't know its NetworkBehaviour yet. Are you modifying a NetworkVariable before the NetworkObject is spawned?
[Warning: Unity Log] NetworkVariable is written to, but doesn't know its NetworkBehaviour yet. Are you modifying a NetworkVariable before the NetworkObject is spawned?
[Warning: Unity Log] NetworkVariable is written to, but doesn't know its NetworkBehaviour yet. Are you modifying a NetworkVariable before the NetworkObject is spawned?
[Warning: Unity Log] NetworkVariable is written to, but doesn't know its NetworkBehaviour yet. Are you modifying a NetworkVariable before the NetworkObject is spawned?
[Warning: Unity Log] NetworkVariable is written to, but doesn't know its NetworkBehaviour yet. Are you modifying a NetworkVariable before the NetworkObject is spawned?
[Warning: Unity Log] NetworkVariable is written to, but doesn't know its NetworkBehaviour yet. Are you modifying a NetworkVariable before the NetworkObject is spawned?
[Warning: Unity Log] NetworkVariable is written to, but doesn't know its NetworkBehaviour yet. Are you modifying a NetworkVariable before the NetworkObject is spawned?
[Warning: Unity Log] NetworkVariable is written to, but doesn't know its NetworkBehaviour yet. Are you modifying a NetworkVariable before the NetworkObject is spawned?
[Warning: Unity Log] NetworkVariable is written to, but doesn't know its NetworkBehaviour yet. Are you modifying a NetworkVariable before the NetworkObject is spawned?
[Warning: Unity Log] NetworkVariable is written to, but doesn't know its NetworkBehaviour yet. Are you modifying a NetworkVariable before the NetworkObject is spawned?
[Warning: Unity Log] NetworkVariable is written to, but doesn't know its NetworkBehaviour yet. Are you modifying a NetworkVariable before the NetworkObject is spawned?
[Warning: Unity Log] NetworkVariable is written to, but doesn't know its NetworkBehaviour yet. Are you modifying a NetworkVariable before the NetworkObject is spawned?
[Warning: Unity Log] NetworkVariable is written to, but doesn't know its NetworkBehaviour yet. Are you modifying a NetworkVariable before the NetworkObject is spawned?
[Info   :TooManyEmotes-2.1.5] Loading game values.
[Info   :TooManyEmotes-2.1.5] Resetting unlocked emotes.
[Info   :TooManyEmotes-2.1.5] Loading 0 unlocked emotes for player: TheExiledLeader
[Info   :TooManyEmotes-2.1.5] Loading 100 emote credits for player: TheExiledLeader
[Info   :TooManyEmotes-2.1.5] Loaded Seed: 865340481
[Info   : Unity Log] Ship grabbable items list loaded. Count: 3
[Info   : Unity Log] Setting scrap value for item: ArsonPlushDirty(Clone): 56
[Info   : Unity Log] Setting scrap value for item: DiyFlashbang(Clone): 18
[Info   : Unity Log] Setting scrap value for item: ToimariPlush(Clone): 88
[Error  : Unity Log] InvalidOperationException: Entry container has not been assigned.
Stack trace:
CSync.Lib.ConfigSyncBehaviour.EnsureEntryContainer () (at /home/runner/work/CSync/CSync/CSync/Lib/ConfigSyncBehaviour.cs:45)
CSync.Lib.ConfigSyncBehaviour.Awake () (at /home/runner/work/CSync/CSync/CSync/Lib/ConfigSyncBehaviour.cs:50)
UnityEngine.Object:Instantiate(GameObject, Transform)
CSync.Patches.StartOfRoundPatch:OnSessionStart(StartOfRound) (at /home/runner/work/CSync/CSync/CSync/Patches/StartOfRoundPatch.cs:22)
StartOfRound:DMD<StartOfRound::Start>(StartOfRound)
MonoMod.Utils.DynamicMethodDefinition:Trampoline<StartOfRound::Start>?-1730978468(StartOfRound)
LethalLib.Modules.Items:StartOfRound_Start(orig_Start, StartOfRound)
MonoMod.Utils.DynamicMethodDefinition:Hook<StartOfRound::Start>?1250622692(StartOfRound)
MonoMod.Utils.DynamicMethodDefinition:Trampoline<StartOfRound::Start>?1303444110(StartOfRound)
LethalLib.Modules.Utilities:StartOfRound_Start(orig_Start, StartOfRound)
MonoMod.Utils.DynamicMethodDefinition:Hook<StartOfRound::Start>?683102400(StartOfRound)
MonoMod.Utils.DynamicMethodDefinition:Trampoline<StartOfRound::Start>?-1221488048(StartOfRound)
LethalThings.NetworkConfig:StartOfRound_Start(orig_Start, StartOfRound) (at O:/github/LethalThings/LethalThings/NetworkConfig.cs:272)
MonoMod.Utils.DynamicMethodDefinition:Hook<StartOfRound::Start>?1603328172(StartOfRound)
MonoMod.Utils.DynamicMethodDefinition:Trampoline<StartOfRound::Start>?855707892(StartOfRound)
LethalThings.Patches.Miscellaneous:StartOfRound_Start(orig_Start, StartOfRound) (at O:/github/LethalThings/LethalThings/Patches/Miscellaneous.cs:210)
MonoMod.Utils.DynamicMethodDefinition:Hook<StartOfRound::Start>?311805880(StartOfRound)
MonoMod.Utils.DynamicMethodDefinition:Trampoline<StartOfRound::Start>?-554856368(StartOfRound)
LethalThings.Patches.Debug:StartOfRound_Start(orig_Start, StartOfRound) (at O:/github/LethalThings/LethalThings/Patches/Debug.cs:109)
MonoMod.Utils.DynamicMethodDefinition:Hook<StartOfRound::Start>?-686406712(StartOfRound)

[Error  :     CSync] Failed to instantiate config sync behaviours:
System.Exception: ConfigSyncBehaviour._deltas cannot be null. All NetworkVariableBase instances must be initialized.
  at CSync.Lib.ConfigSyncBehaviour.__initializeVariables () [0x0005f] in <23971bf8fe1c4f5c86f03fb1231f56ce>:IL_005F 
  at Unity.Netcode.NetworkBehaviour.InitializeVariables () [0x00010] in <895801699cfc4b4ab52267f31e2a4998>:IL_0010 
  at Unity.Netcode.NetworkBehaviour.InternalOnNetworkSpawn () [0x00007] in <895801699cfc4b4ab52267f31e2a4998>:IL_0007 
  at Unity.Netcode.NetworkObject.InvokeBehaviourNetworkSpawn () [0x00040] in <895801699cfc4b4ab52267f31e2a4998>:IL_0040 
  at Unity.Netcode.NetworkSpawnManager.SpawnNetworkObjectLocallyCommon (Unity.Netcode.NetworkObject networkObject, System.UInt64 networkId, System.Boolean sceneObject, System.Boolean playerObject, System.UInt64 ownerClientId, System.Boolean destroyWithScene) [0x00218] in <895801699cfc4b4ab52267f31e2a4998>:IL_0218 
  at Unity.Netcode.NetworkSpawnManager.SpawnNetworkObjectLocally (Unity.Netcode.NetworkObject networkObject, System.UInt64 networkId, System.Boolean sceneObject, System.Boolean playerObject, System.UInt64 ownerClientId, System.Boolean destroyWithScene) [0x00044] in <895801699cfc4b4ab52267f31e2a4998>:IL_0044 
  at Unity.Netcode.NetworkObject.SpawnInternal (System.Boolean destroyWithScene, System.UInt64 ownerClientId, System.Boolean playerObject) [0x0006a] in <895801699cfc4b4ab52267f31e2a4998>:IL_006A 
  at CSync.Patches.StartOfRoundPatch.OnSessionStart (StartOfRound __instance) [0x00021] in /home/runner/work/CSync/CSync/CSync/Patches/StartOfRoundPatch.cs:24 
[Info   :TooManyEmotes-2.1.5] Rotating emote selection in store. Seed: 865340481
[Info   :Too Many Suits] StartOfRound!
[Info   :ReservedItemSlotCore-2.0.20] Initializing ReservedPlayerData for player: Player (1)
[Info   :ReservedItemSlotCore-2.0.20] Initializing ReservedPlayerData for player: Player (3)
[Info   :ReservedItemSlotCore-2.0.20] Initializing ReservedPlayerData for player: Player (2)
[Info   :ReservedItemSlotCore-2.0.20] Initializing ReservedPlayerData for player: Player
[Info   : LethalLib] Skipping Crystal Ray because it was already added
[Info   : Unity Log] Item sales percentages #0: 0
[Info   : Unity Log] Item sales percentages #1: 0
[Info   : Unity Log] Item sales percentages #2: 0
[Info   : Unity Log] Item sales percentages #3: 0
[Info   : Unity Log] Item sales percentages #4: 0
[Info   : Unity Log] Item sales percentages #5: 0
[Info   : Unity Log] Item sales percentages #6: 0
[Info   : Unity Log] Item sales percentages #7: 0
[Info   : Unity Log] Item sales percentages #8: 0
[Info   : Unity Log] Item sales percentages #9: 0
[Info   : Unity Log] Item sales percentages #10: 0
[Info   : Unity Log] Item sales percentages #11: 0
[Info   : Unity Log] Item sales percentages #12: 0
[Info   : Unity Log] Item sales percentages #13: 0
[Info   : Unity Log] Item sales percentages #14: 0
[Info   : Unity Log] Item sales percentages #15: 0
[Info   : Unity Log] Item sales percentages #16: 0
[Info   : Unity Log] Item sales percentages #17: 0
[Info   : Unity Log] Item sales percentages #18: 0
[Info   : Unity Log] Item sales percentages #19: 0
[Info   : Unity Log] Item sales percentages #20: 0
[Info   : Unity Log] Item sales percentages #21: 0
[Info   : Unity Log] Item sales percentages #22: 0
[Info   : Unity Log] Item sales percentages #23: 0
[Info   : Unity Log] Item sales percentages #24: 0
[Info   : Unity Log] Item sales percentages #25: 0
[Info   : Unity Log] Item sales percentages #26: 0
[Info   : Unity Log] Item sales percentages #27: 0
[Info   : Unity Log] Item sales percentages #28: 0
[Info   : Unity Log] Item sales percentages #29: 0
[Info   : Unity Log] Group credits: 48
[Info   :MaskedEnemyRework] Found Flowerman!
[Info   :MaskedEnemyRework] Found Flowerman!
[Info   :MaskedEnemyRework] Found Flowerman!
[Info   :MaskedEnemyRework] Found Flowerman!
[Info   :MaskedEnemyRework] Found Flowerman!
[Info   :MaskedEnemyRework] Found Flowerman!
[Info   :MaskedEnemyRework] Found Masked!
[Info   :MaskedEnemyRework] Found Flowerman!
[Info   :MaskedEnemyRework] Found Masked!
[Info   :MaskedEnemyRework] Found Flowerman!
[Info   :MaskedEnemyRework] Found Flowerman!
[Info   :MaskedEnemyRework] Found Masked!
[Warning: Unity Log] TerminalKeyword must be instantiated using the ScriptableObject.CreateInstance method instead of new TerminalKeyword.
[Info   :ReservedItemSlotCore-2.0.20] Initializing ReservedPlayerData for player: Player (4)
[Info   :ReservedItemSlotCore-2.0.20] Initializing ReservedPlayerData for player: Player (5)
[Info   :ReservedItemSlotCore-2.0.20] Initializing ReservedPlayerData for player: Player (6)
[Info   :ReservedItemSlotCore-2.0.20] Initializing ReservedPlayerData for player: Player (7)
[Info   :ReservedItemSlotCore-2.0.20] Initializing ReservedPlayerData for player: Player (8)
[Info   :ReservedItemSlotCore-2.0.20] Initializing ReservedPlayerData for player: Player (9)
[Info   :ReservedItemSlotCore-2.0.20] Initializing ReservedPlayerData for player: Player (10)
[Info   :ReservedItemSlotCore-2.0.20] Initializing ReservedPlayerData for player: Player (11)
[Info   :ReservedItemSlotCore-2.0.20] Initializing ReservedPlayerData for player: Player (12)
[Info   :ReservedItemSlotCore-2.0.20] Initializing ReservedPlayerData for player: Player (13)
[Info   :ReservedItemSlotCore-2.0.20] Initializing ReservedPlayerData for player: Player (14)
[Info   :ReservedItemSlotCore-2.0.20] Initializing ReservedPlayerData for player: Player (15)
[Info   :ReservedItemSlotCore-2.0.20] Initializing ReservedPlayerData for player: Player (16)
[Info   :ReservedItemSlotCore-2.0.20] Initializing ReservedPlayerData for player: Player (17)
[Info   :ReservedItemSlotCore-2.0.20] Initializing ReservedPlayerData for player: Player (18)
[Info   :ReservedItemSlotCore-2.0.20] Initializing ReservedPlayerData for player: Player (19)
[Info   :ReservedItemSlotCore-2.0.20] Initializing ReservedPlayerData for player: Player (20)
[Info   :ReservedItemSlotCore-2.0.20] Initializing ReservedPlayerData for player: Player (21)
[Info   :ReservedItemSlotCore-2.0.20] Initializing ReservedPlayerData for player: Player (22)
[Info   :ReservedItemSlotCore-2.0.20] Initializing ReservedPlayerData for player: Player (23)
[Info   :ReservedItemSlotCore-2.0.20] Initializing ReservedPlayerData for player: Player (24)
[Info   :ReservedItemSlotCore-2.0.20] Initializing ReservedPlayerData for player: Player (25)
[Info   :ReservedItemSlotCore-2.0.20] Initializing ReservedPlayerData for player: Player (26)
[Info   :ReservedItemSlotCore-2.0.20] Initializing ReservedPlayerData for player: Player (27)
[Info   :ReservedItemSlotCore-2.0.20] Initializing ReservedPlayerData for player: Player (28)
[Info   :ReservedItemSlotCore-2.0.20] Initializing ReservedPlayerData for player: Player (29)
[Info   :ReservedItemSlotCore-2.0.20] Initializing ReservedPlayerData for player: Player (30)
[Info   :ReservedItemSlotCore-2.0.20] Initializing ReservedPlayerData for player: Player (31)
[Warning: Unity Log] BoxColliders does not support negative scale or size.
The effective box size has been forced positive and is likely to give unexpected collision geometry.
If you absolutely need to use negative scaling you can use the convex MeshCollider. Scene hierarchy path "Environment/HangarShip/LightSwitchContainer/PlacementCollider"
[Warning: Unity Log] BoxColliders does not support negative scale or size.
The effective box size has been forced positive and is likely to give unexpected collision geometry.
If you absolutely need to use negative scaling you can use the convex MeshCollider. Scene hierarchy path "Environment/HangarShip/Cube"
[Warning: Unity Log] BoxColliders does not support negative scale or size.
The effective box size has been forced positive and is likely to give unexpected collision geometry.
If you absolutely need to use negative scaling you can use the convex MeshCollider. Scene hierarchy path "Environment/HangarShip/AnimatedShipDoor/HangarDoorLeft (1)"
[Warning: Unity Log] BoxColliders does not support negative scale or size.
The effective box size has been forced positive and is likely to give unexpected collision geometry.
If you absolutely need to use negative scaling you can use the convex MeshCollider. Scene hierarchy path "Environment/HangarShip/ShipBottomColliders/Cube (1)"
[Warning: Unity Log] BoxColliders does not support negative scale or size.
The effective box size has been forced positive and is likely to give unexpected collision geometry.
If you absolutely need to use negative scaling you can use the convex MeshCollider. Scene hierarchy path "Environment/HangarShip/ControlDesk.001"
[Warning: Unity Log] BoxColliders does not support negative scale or size.
The effective box size has been forced positive and is likely to give unexpected collision geometry.
If you absolutely need to use negative scaling you can use the convex MeshCollider. Scene hierarchy path "Environment/HangarShip/ShipBottomColliders/Cube (3)"
[Warning: Unity Log] BoxColliders does not support negative scale or size.
The effective box size has been forced positive and is likely to give unexpected collision geometry.
If you absolutely need to use negative scaling you can use the convex MeshCollider. Scene hierarchy path "Environment/HangarShip/ShipBottomColliders/Cube (7)"
[Warning: Unity Log] BoxColliders does not support negative scale or size.
The effective box size has been forced positive and is likely to give unexpected collision geometry.
If you absolutely need to use negative scaling you can use the convex MeshCollider. Scene hierarchy path "Environment/HangarShip/StorageCloset/Cube.000/Cube"
[Warning: Unity Log] BoxColliders does not support negative scale or size.
The effective box size has been forced positive and is likely to give unexpected collision geometry.
If you absolutely need to use negative scaling you can use the convex MeshCollider. Scene hierarchy path "Environment/HangarShip/ShipBottomColliders/Cube (6)"
[Warning: Unity Log] BoxColliders does not support negative scale or size.
The effective box size has been forced positive and is likely to give unexpected collision geometry.
If you absolutely need to use negative scaling you can use the convex MeshCollider. Scene hierarchy path "Environment/HangarShip/ShipBottomColliders/Cube (8)"
[Warning: Unity Log] BoxColliders does not support negative scale or size.
The effective box size has been forced positive and is likely to give unexpected collision geometry.
If you absolutely need to use negative scaling you can use the convex MeshCollider. Scene hierarchy path "Environment/HangarShip/ShipBottomColliders/Cube (5)"
[Warning: Unity Log] BoxColliders does not support negative scale or size.
The effective box size has been forced positive and is likely to give unexpected collision geometry.
If you absolutely need to use negative scaling you can use the convex MeshCollider. Scene hierarchy path "Environment/HangarShip/ShipBottomColliders/Cube (4)"
[Info   :More Ship Upgrades] [LguStore] Loading save file for slot 0.
[Info   :More Ship Upgrades] [LguStore] SteamID is not available yet, waiting...
[Info   :More Ship Upgrades] [LguStore] LAN detected, loading under ID 0
[Info   :More Ship Upgrades] [LguStore] Successfully loaded save data for ID: 0
[Info   :More Ship Upgrades] [UpgradeBus] Sale data empty, continuing...
[Info   :More Ship Upgrades] [Hunter] Hoarding Bug set to be harvestable at level 1
[Info   :More Ship Upgrades] [Hunter] Snare Flea set to be harvestable at level 1
[Info   :More Ship Upgrades] [Hunter] Bunker Spider set to be harvestable at level 2
[Info   :More Ship Upgrades] [Hunter] Baboon Hawk set to be harvestable at level 2
[Info   :More Ship Upgrades] [Hunter] Bracken set to be harvestable at level 3
[Info   :More Ship Upgrades] [Hunter] Eyeless Dog set to be harvestable at level 3
[Info   :More Ship Upgrades] [Hunter] Half/Thumper set to be harvestable at level 3
[Info   :More Ship Upgrades] [UpgradeBus] Successfully reconstructed with hosts config.
[Info   :More Ship Upgrades] [LguStore] Successfully spawned 29 upgrade objects.
[Info   : Unity Log] Called teleport function on Player
[Info   : Unity Log] Taking control of player Player and enabling camera!
[Info   :TooManyEmotes-2.1.5] Applied patch for MirrorDecor
[Info   : Unity Log] Called teleport function on Player (1)
[Info   : Unity Log] Called teleport function on Player (2)
[Info   : Unity Log] Called teleport function on Player (3)
[Info   : Unity Log] Called teleport function on Player (4)
[Info   : Unity Log] Called teleport function on Player (5)
[Info   : Unity Log] Called teleport function on Player (6)
[Info   : Unity Log] Called teleport function on Player (7)
[Info   : Unity Log] Called teleport function on Player (8)
[Info   : Unity Log] Called teleport function on Player (9)
[Info   : Unity Log] Called teleport function on Player (10)
[Info   : Unity Log] Called teleport function on Player (11)
[Info   : Unity Log] Called teleport function on Player (12)
[Info   : Unity Log] Called teleport function on Player (13)
[Info   : Unity Log] Called teleport function on Player (14)
[Info   : Unity Log] Called teleport function on Player (15)
[Info   : Unity Log] Called teleport function on Player (16)
[Info   : Unity Log] Called teleport function on Player (17)
[Info   : Unity Log] Called teleport function on Player (18)
[Info   : Unity Log] Called teleport function on Player (19)
[Info   : Unity Log] Called teleport function on Player (20)
[Info   : Unity Log] Called teleport function on Player (21)
[Info   : Unity Log] Called teleport function on Player (22)
[Info   : Unity Log] Called teleport function on Player (23)
[Info   : Unity Log] Called teleport function on Player (24)
[Info   : Unity Log] Called teleport function on Player (25)
[Info   : Unity Log] Called teleport function on Player (26)
[Info   : Unity Log] Called teleport function on Player (27)
[Info   : Unity Log] Called teleport function on Player (28)
[Info   : Unity Log] Called teleport function on Player (29)
[Info   : Unity Log] Called teleport function on Player (30)
[Info   : Unity Log] Called teleport function on Player (31)
[Info   : Unity Log] Starting voice tracking for player: TheExiledLeader
[Info   :ReservedItemSlotCore-2.0.20] Unlocking reserved item slot: flashlight
[Info   :ReservedItemSlotCore-2.0.20] Unlocking reserved item slot: walkie_talkie
[Info   :TooManyEmotes-2.1.5] Applying MoreCompany Cosmetics patch.
[Info   :TooManyEmotes-2.1.5] Loading ThirdPersonEmoteController preferences.
[Info   :TooManyEmotes-2.1.5] Initializing local player.
[Info   : Unity Log] !!!! ENABLING CAMERA FOR PLAYER: Player
[Info   : Unity Log] !!!! connectedPlayersAmount: 0
[Info   : Unity Log] System.IO.DirectoryNotFoundException: Could not find a part of the path "G:\SteamLibrary\steamapps\common\Lethal Company\BepInEx\config2\KillableEnemies.md".
  at System.IO.FileStream..ctor (System.String path, System.IO.FileMode mode, System.IO.FileAccess access, System.IO.FileShare share, System.Int32 bufferSize, System.Boolean anonymous, System.IO.FileOptions options) [0x00164] in <787acc3c9a4c471ba7d971300105af24>:IL_0164 
  at System.IO.FileStream..ctor (System.String path, System.IO.FileMode mode, System.IO.FileAccess access, System.IO.FileShare share) [0x00000] in <787acc3c9a4c471ba7d971300105af24>:IL_0000 
  at (wrapper remoting-invoke-with-check) System.IO.FileStream..ctor(string,System.IO.FileMode,System.IO.FileAccess,System.IO.FileShare)
  at System.IO.File.OpenWrite (System.String path) [0x00000] in <787acc3c9a4c471ba7d971300105af24>:IL_0000 
  at PersonalAssignments.Components.KillableEnemiesOutput.OutputList () [0x000d5] in <0391b5eeb10d416d9ce26cec847c0394>:IL_00D5 
[Info   : Unity Log] [SS]: Waiting for suits to sync...
[Info   :TooManyEmotes-2.1.5] Rotating emote selection in store. Seed: 865340481
[Info   : Unity Log] Has beta?: {hasBeta}
[Info   : Unity Log] Has beta save data: True
[Info   :RugbugRedfern.SkinwalkerMod] Audio folder not present. Don't worry about it, it will be created automatically when you play with friends. (G:/SteamLibrary/steamapps/common/Lethal Company/Lethal Company_Data\..\Dissonance_Diagnostics)
[Info   :More Ship Upgrades] [LguStore] Applying loaded upgrades...
[Warning:Lethal Company API] Asking all other players for their mod list..
[Error  : Unity Log] MissingMethodException: Method not found: int .RoundManager.PlayRandomClip(UnityEngine.AudioSource,UnityEngine.AudioClip[],bool,single,int)
Stack trace:
LC_API.GameInterfaceAPI.Features.Player.Update () (at <9c282cdfc7dc4cca9fcc5df099e02800>:IL_00E9)

[Info   :ReservedItemSlotCore-2.0.20] Unlocking reserved item slot: flashlight
[Warning: Unity Log] Parent of RectTransform is being set with parent property. Consider using the SetParent method instead, with the worldPositionStays argument set to false. This will retain local orientation and scale rather than world orientation and scale, which can prevent common UI scaling issues.
[Info   :ReservedItemSlotCore-2.0.20] Unlocking reserved item slot: walkie_talkie
[Warning: Unity Log] Parent of RectTransform is being set with parent property. Consider using the SetParent method instead, with the worldPositionStays argument set to false. This will retain local orientation and scale rather than world orientation and scale, which can prevent common UI scaling issues.
[Info   :LethalThings] Syncing configs!
[Info   : Unity Log] [SS]: Successfully loaded saved suit. (GlowStick07Purple)
[Error  : Unity Log] MissingMethodException: Method not found: int .RoundManager.PlayRandomClip(UnityEngine.AudioSource,UnityEngine.AudioClip[],bool,single,int)
Stack trace:
LC_API.GameInterfaceAPI.Features.Player.Update () (at <9c282cdfc7dc4cca9fcc5df099e02800>:IL_00E9)

[Info   :RugbugRedfern.SkinwalkerMod] Audio folder not present. Don't worry about it, it will be created automatically when you play with friends. (G:/SteamLibrary/steamapps/common/Lethal Company/Lethal Company_Data\..\Dissonance_Diagnostics)
[Warning: Unity Log] PlayOneShot was called with a null AudioClip.
[Info   : Unity Log] DISABLE OBJECT C
[Info   : Unity Log] DISABLE OBJECT D
[Info   :RugbugRedfern.SkinwalkerMod] Audio folder not present. Don't worry about it, it will be created automatically when you play with friends. (G:/SteamLibrary/steamapps/common/Lethal Company/Lethal Company_Data\..\Dissonance_Diagnostics)
[Info   : Unity Log] Set interminalmenu to true: True
[Error  : Unity Log] Trying to add Caret (TMPro.TMP_SelectionCaret) for graphic rebuild while we are already inside a graphic rebuild loop. This is not supported.
[Info   : Unity Log] isDemo:False ; False
[Info   : Unity Log] isDemo:False ; False
[Info   : Unity Log] isDemo:False ; False
[Info   : Unity Log] isDemo:False ; False
[Info   : Unity Log] isDemo:False ; False
[Info   : Unity Log] isDemo:False ; True
[Info   : Unity Log] isDemo:False ; False
[Info   : Unity Log] isDemo:False ; True
[Info   : Unity Log] isDemo:False ; True
[Info   :RugbugRedfern.SkinwalkerMod] Audio folder not present. Don't worry about it, it will be created automatically when you play with friends. (G:/SteamLibrary/steamapps/common/Lethal Company/Lethal Company_Data\..\Dissonance_Diagnostics)
[Info   : Unity Log] Calling stop animation function StopUsing server rpc for player: 0
[Info   : Unity Log] STOPPING SPECIAL ANIMATION ON LOCAL CLIENT; player who was using: TheExiledLeader
[Info   : Unity Log] Quit terminal; inTerminalMenu true?: {playerScript.inTerminalMenu}
[Info   :RugbugRedfern.SkinwalkerMod] Audio folder not present. Don't worry about it, it will be created automatically when you play with friends. (G:/SteamLibrary/steamapps/common/Lethal Company/Lethal Company_Data\..\Dissonance_Diagnostics)
[Info   : Unity Log] Leaving current lobby
[Info   : Unity Log] Disconnecting and setting networkobjects to destroy with owner
[Info   :mrgrm7.LethalCasino] Player disconnected.
[Info   :TooManyEmotes-2.1.5] Saving game values.
[Info   :TooManyEmotes-2.1.5] Saving 19 unlocked emotes for player: TheExiledLeader
[Info   :TooManyEmotes-2.1.5] Saving 100 emote credits for player: TheExiledLeader
[Info   :TooManyEmotes-2.1.5] Saved Seed: 865340481
[Info   : Unity Log] Shutting down and disconnecting from server. Is host?: True
[Debug  :More Ship Upgrades] [GameNetworkManagerPatcher] Resetting the Upgrade Bus due to disconnecting...
[Debug  :More Ship Upgrades] [UpgradeBus] Resetting TheExiledLeader's attributes
[Debug  :More Ship Upgrades] [LguStore] Resetting the ship's attributes
[Info   : Unity Log] [Network Transport] Disconnected
[Error  : Unity Log] InvalidOperationException: Entry container has not been assigned.
Stack trace:
CSync.Lib.ConfigSyncBehaviour.EnsureEntryContainer () (at /home/runner/work/CSync/CSync/CSync/Lib/ConfigSyncBehaviour.cs:45)
CSync.Lib.ConfigSyncBehaviour.DisableOverrides () (at /home/runner/work/CSync/CSync/CSync/Lib/ConfigSyncBehaviour.cs:184)
CSync.Lib.ConfigSyncBehaviour.OnDestroy () (at /home/runner/work/CSync/CSync/CSync/Lib/ConfigSyncBehaviour.cs:96)

[Info   : Unity Log] Resetting unlockables list!
[Info   : Unity Log] Scene manager is null
[Info   :RugbugRedfern.SkinwalkerMod] SkinwalkerNetworkManager OnDestroy
[Info   : Unity Log] Terminal disabled, disabling ESC key listener
[Info   : Unity Log] DISABLING connection callbacks in round manager
[Info   :MoreCompany] LANMenu startLAN Patched
[Info   : Unity Log] Returning week num: 18
[Info   : Unity Log] week num: 18
